<?xml version="1.0" encoding="UTF-8"?>
<testng-results ignored="0" total="6" passed="6" failed="0" skipped="0">
  <reporter-output>
  </reporter-output>
  <suite started-at="2024-11-13T10:19:18 IST" name="EMI_Calculator" finished-at="2024-11-13T10:20:18 IST" duration-ms="59973">
    <groups>
      <group name="regression">
        <method signature="TS001_CarLoanTest.carLoan()[pri:1, instance:TestCase.TS001_CarLoanTest@4a194c39]" name="carLoan" class="TestCase.TS001_CarLoanTest"/>
        <method signature="TS002_HomeLoanTest.homeloan()[pri:2, instance:TestCase.TS002_HomeLoanTest@5f9678e1]" name="homeloan" class="TestCase.TS002_HomeLoanTest"/>
        <method signature="TS001_CarLoanTest.carLoan()[pri:1, instance:TestCase.TS001_CarLoanTest@3e821657]" name="carLoan" class="TestCase.TS001_CarLoanTest"/>
        <method signature="TS002_HomeLoanTest.homeloan()[pri:2, instance:TestCase.TS002_HomeLoanTest@1d131e1b]" name="homeloan" class="TestCase.TS002_HomeLoanTest"/>
      </group> <!-- regression -->
      <group name="smoke">
        <method signature="TS001_CarLoanTest.carLoan()[pri:1, instance:TestCase.TS001_CarLoanTest@4a194c39]" name="carLoan" class="TestCase.TS001_CarLoanTest"/>
        <method signature="TS003_UiValidation.uiValidation()[pri:3, instance:TestCase.TS003_UiValidation@c4ed84]" name="uiValidation" class="TestCase.TS003_UiValidation"/>
        <method signature="TS001_CarLoanTest.carLoan()[pri:1, instance:TestCase.TS001_CarLoanTest@3e821657]" name="carLoan" class="TestCase.TS001_CarLoanTest"/>
        <method signature="TS003_UiValidation.uiValidation()[pri:3, instance:TestCase.TS003_UiValidation@71cf1b07]" name="uiValidation" class="TestCase.TS003_UiValidation"/>
      </group> <!-- smoke -->
      <group name="sanity">
        <method signature="TS002_HomeLoanTest.homeloan()[pri:2, instance:TestCase.TS002_HomeLoanTest@5f9678e1]" name="homeloan" class="TestCase.TS002_HomeLoanTest"/>
        <method signature="TS003_UiValidation.uiValidation()[pri:3, instance:TestCase.TS003_UiValidation@c4ed84]" name="uiValidation" class="TestCase.TS003_UiValidation"/>
        <method signature="TS002_HomeLoanTest.homeloan()[pri:2, instance:TestCase.TS002_HomeLoanTest@1d131e1b]" name="homeloan" class="TestCase.TS002_HomeLoanTest"/>
        <method signature="TS003_UiValidation.uiValidation()[pri:3, instance:TestCase.TS003_UiValidation@71cf1b07]" name="uiValidation" class="TestCase.TS003_UiValidation"/>
      </group> <!-- sanity -->
    </groups>
    <test started-at="2024-11-13T10:19:18 IST" name="ChromeTest" finished-at="2024-11-13T10:20:07 IST" duration-ms="49522">
      <class name="TestCase.TS003_UiValidation">
        <test-method is-config="true" signature="setup(java.lang.String,java.lang.String)[pri:0, instance:TestCase.TS003_UiValidation@c4ed84]" started-at="2024-11-13T10:19:49 IST" name="setup" finished-at="2024-11-13T10:19:54 IST" duration-ms="4786" status="PASS">
          <params>
            <param index="0">
              <value>
                <![CDATA[Windows]]>
              </value>
            </param>
            <param index="1">
              <value>
                <![CDATA[chrome]]>
              </value>
            </param>
          </params>
          <reporter-output>
          </reporter-output>
        </test-method> <!-- setup -->
        <test-method signature="uiValidation()[pri:3, instance:TestCase.TS003_UiValidation@c4ed84]" started-at="2024-11-13T10:19:54 IST" name="uiValidation" finished-at="2024-11-13T10:20:03 IST" duration-ms="9474" status="PASS">
          <reporter-output>
          </reporter-output>
        </test-method> <!-- uiValidation -->
        <test-method is-config="true" signature="tearDown()[pri:0, instance:TestCase.TS003_UiValidation@c4ed84]" started-at="2024-11-13T10:20:03 IST" name="tearDown" finished-at="2024-11-13T10:20:07 IST" duration-ms="4062" status="PASS">
          <reporter-output>
          </reporter-output>
        </test-method> <!-- tearDown -->
      </class> <!-- TestCase.TS003_UiValidation -->
      <class name="TestCase.TS002_HomeLoanTest">
        <test-method is-config="true" signature="setup(java.lang.String,java.lang.String)[pri:0, instance:TestCase.TS002_HomeLoanTest@5f9678e1]" started-at="2024-11-13T10:19:36 IST" name="setup" finished-at="2024-11-13T10:19:41 IST" duration-ms="4872" status="PASS">
          <params>
            <param index="0">
              <value>
                <![CDATA[Windows]]>
              </value>
            </param>
            <param index="1">
              <value>
                <![CDATA[chrome]]>
              </value>
            </param>
          </params>
          <reporter-output>
          </reporter-output>
        </test-method> <!-- setup -->
        <test-method signature="homeloan()[pri:2, instance:TestCase.TS002_HomeLoanTest@5f9678e1]" started-at="2024-11-13T10:19:41 IST" name="homeloan" finished-at="2024-11-13T10:19:47 IST" duration-ms="6373" status="PASS">
          <reporter-output>
          </reporter-output>
        </test-method> <!-- homeloan -->
        <test-method is-config="true" signature="tearDown()[pri:0, instance:TestCase.TS002_HomeLoanTest@5f9678e1]" started-at="2024-11-13T10:19:47 IST" name="tearDown" finished-at="2024-11-13T10:19:49 IST" duration-ms="1746" status="PASS">
          <reporter-output>
          </reporter-output>
        </test-method> <!-- tearDown -->
      </class> <!-- TestCase.TS002_HomeLoanTest -->
      <class name="TestCase.TS001_CarLoanTest">
        <test-method is-config="true" signature="setup(java.lang.String,java.lang.String)[pri:0, instance:TestCase.TS001_CarLoanTest@4a194c39]" started-at="2024-11-13T10:19:18 IST" name="setup" finished-at="2024-11-13T10:19:31 IST" duration-ms="13424" status="PASS">
          <params>
            <param index="0">
              <value>
                <![CDATA[Windows]]>
              </value>
            </param>
            <param index="1">
              <value>
                <![CDATA[chrome]]>
              </value>
            </param>
          </params>
          <reporter-output>
          </reporter-output>
        </test-method> <!-- setup -->
        <test-method signature="carLoan()[pri:1, instance:TestCase.TS001_CarLoanTest@4a194c39]" started-at="2024-11-13T10:19:31 IST" name="carLoan" finished-at="2024-11-13T10:19:34 IST" duration-ms="2756" status="PASS">
          <reporter-output>
          </reporter-output>
        </test-method> <!-- carLoan -->
        <test-method is-config="true" signature="tearDown()[pri:0, instance:TestCase.TS001_CarLoanTest@4a194c39]" started-at="2024-11-13T10:19:34 IST" name="tearDown" finished-at="2024-11-13T10:19:36 IST" duration-ms="1862" status="PASS">
          <reporter-output>
          </reporter-output>
        </test-method> <!-- tearDown -->
      </class> <!-- TestCase.TS001_CarLoanTest -->
    </test> <!-- ChromeTest -->
    <test started-at="2024-11-13T10:19:18 IST" name="EdgeTest" finished-at="2024-11-13T10:20:18 IST" duration-ms="59973">
      <class name="TestCase.TS003_UiValidation">
        <test-method is-config="true" signature="setup(java.lang.String,java.lang.String)[pri:0, instance:TestCase.TS003_UiValidation@71cf1b07]" started-at="2024-11-13T10:19:54 IST" name="setup" finished-at="2024-11-13T10:20:05 IST" duration-ms="10877" status="PASS">
          <params>
            <param index="0">
              <value>
                <![CDATA[Windows]]>
              </value>
            </param>
            <param index="1">
              <value>
                <![CDATA[Edge]]>
              </value>
            </param>
          </params>
          <reporter-output>
          </reporter-output>
        </test-method> <!-- setup -->
        <test-method signature="uiValidation()[pri:3, instance:TestCase.TS003_UiValidation@71cf1b07]" started-at="2024-11-13T10:20:05 IST" name="uiValidation" finished-at="2024-11-13T10:20:14 IST" duration-ms="9485" status="PASS">
          <reporter-output>
          </reporter-output>
        </test-method> <!-- uiValidation -->
        <test-method is-config="true" signature="tearDown()[pri:0, instance:TestCase.TS003_UiValidation@71cf1b07]" started-at="2024-11-13T10:20:14 IST" name="tearDown" finished-at="2024-11-13T10:20:18 IST" duration-ms="3835" status="PASS">
          <reporter-output>
          </reporter-output>
        </test-method> <!-- tearDown -->
      </class> <!-- TestCase.TS003_UiValidation -->
      <class name="TestCase.TS002_HomeLoanTest">
        <test-method is-config="true" signature="setup(java.lang.String,java.lang.String)[pri:0, instance:TestCase.TS002_HomeLoanTest@1d131e1b]" started-at="2024-11-13T10:19:39 IST" name="setup" finished-at="2024-11-13T10:19:46 IST" duration-ms="7395" status="PASS">
          <params>
            <param index="0">
              <value>
                <![CDATA[Windows]]>
              </value>
            </param>
            <param index="1">
              <value>
                <![CDATA[Edge]]>
              </value>
            </param>
          </params>
          <reporter-output>
          </reporter-output>
        </test-method> <!-- setup -->
        <test-method signature="homeloan()[pri:2, instance:TestCase.TS002_HomeLoanTest@1d131e1b]" started-at="2024-11-13T10:19:46 IST" name="homeloan" finished-at="2024-11-13T10:19:51 IST" duration-ms="5081" status="PASS">
          <reporter-output>
          </reporter-output>
        </test-method> <!-- homeloan -->
        <test-method is-config="true" signature="tearDown()[pri:0, instance:TestCase.TS002_HomeLoanTest@1d131e1b]" started-at="2024-11-13T10:19:51 IST" name="tearDown" finished-at="2024-11-13T10:19:54 IST" duration-ms="2487" status="PASS">
          <reporter-output>
          </reporter-output>
        </test-method> <!-- tearDown -->
      </class> <!-- TestCase.TS002_HomeLoanTest -->
      <class name="TestCase.TS001_CarLoanTest">
        <test-method is-config="true" signature="setup(java.lang.String,java.lang.String)[pri:0, instance:TestCase.TS001_CarLoanTest@3e821657]" started-at="2024-11-13T10:19:18 IST" name="setup" finished-at="2024-11-13T10:19:33 IST" duration-ms="14707" status="PASS">
          <params>
            <param index="0">
              <value>
                <![CDATA[Windows]]>
              </value>
            </param>
            <param index="1">
              <value>
                <![CDATA[Edge]]>
              </value>
            </param>
          </params>
          <reporter-output>
          </reporter-output>
        </test-method> <!-- setup -->
        <test-method signature="carLoan()[pri:1, instance:TestCase.TS001_CarLoanTest@3e821657]" started-at="2024-11-13T10:19:33 IST" name="carLoan" finished-at="2024-11-13T10:19:36 IST" duration-ms="2716" status="PASS">
          <reporter-output>
          </reporter-output>
        </test-method> <!-- carLoan -->
        <test-method is-config="true" signature="tearDown()[pri:0, instance:TestCase.TS001_CarLoanTest@3e821657]" started-at="2024-11-13T10:19:36 IST" name="tearDown" finished-at="2024-11-13T10:19:39 IST" duration-ms="3165" status="PASS">
          <reporter-output>
          </reporter-output>
        </test-method> <!-- tearDown -->
      </class> <!-- TestCase.TS001_CarLoanTest -->
    </test> <!-- EdgeTest -->
  </suite> <!-- EMI_Calculator -->
</testng-results>
