<?xml version="1.0" encoding="UTF-8"?>
<!-- Generated by org.testng.reporters.JUnitXMLReporter -->
<testsuite ignored="0" hostname="LTIN515008" failures="0" tests="3" name="ChromeTest" time="49.522" errors="0" timestamp="2024-11-13T10:20:09 IST">
  <testcase classname="TestCase.TS001_CarLoanTest" name="carLoan" time="2.756"/>
  <testcase classname="TestCase.TS002_HomeLoanTest" name="homeloan" time="6.373"/>
  <testcase classname="TestCase.TS003_UiValidation" name="uiValidation" time="9.474"/>
</testsuite> <!-- ChromeTest -->
